  generate_euc.cpp
  generate_hyp.cpp
C:\Users\molav\Documents\UiO\V24\Element-Method-Implementations\meshgen\meshgen\generate_hyp.cpp(224,48): warning C4267: 'argument': conversion from 'size_t' to 'int', possible loss of data
C:\Users\molav\Documents\UiO\V24\Element-Method-Implementations\meshgen\meshgen\generate_hyp.cpp(225,48): warning C4267: 'argument': conversion from 'size_t' to 'int', possible loss of data
C:\Users\molav\Documents\UiO\V24\Element-Method-Implementations\meshgen\meshgen\generate_hyp.cpp(226,48): warning C4267: 'argument': conversion from 'size_t' to 'int', possible loss of data
  integrate.cpp
  Mesh.cpp
C:\Users\molav\Documents\UiO\V24\Element-Method-Implementations\meshgen\meshgen\Mesh.h(29,1): warning C4267: 'argument': conversion from 'size_t' to '_Ty', possible loss of data
          with
          [
              _Ty=GLuint
          ]
C:\Users\molav\Documents\UiO\V24\Element-Method-Implementations\meshgen\meshgen\Mesh.h(32,29): warning C4244: 'argument': conversion from 'double' to '_Ty', possible loss of data
          with
          [
              _Ty=float
          ]
C:\Users\molav\Documents\UiO\V24\Element-Method-Implementations\meshgen\meshgen\Mesh.cpp(39,68): warning C4267: 'argument': conversion from 'size_t' to 'GLsizei', possible loss of data
  window.cpp
C:\Users\molav\Documents\UiO\V24\Element-Method-Implementations\meshgen\meshgen\Mesh.h(29,1): warning C4267: 'argument': conversion from 'size_t' to '_Ty', possible loss of data
          with
          [
              _Ty=GLuint
          ]
C:\Users\molav\Documents\UiO\V24\Element-Method-Implementations\meshgen\meshgen\Mesh.h(32,29): warning C4244: 'argument': conversion from 'double' to '_Ty', possible loss of data
          with
          [
              _Ty=float
          ]
C:\Users\molav\Documents\UiO\V24\Element-Method-Implementations\meshgen\meshgen\window.cpp(107,33): warning C4244: '=': conversion from 'const _Ty' to 'float', possible loss of data
          with
          [
              _Ty=double
          ]
C:\Users\molav\Documents\UiO\V24\Element-Method-Implementations\meshgen\meshgen\window.cpp(194,46): warning C4267: '=': conversion from 'size_t' to 'int', possible loss of data
  Generating Code...
glfw3.lib(init.obj) : warning LNK4099: PDB 'glfw3.pdb' was not found with 'glfw3.lib(init.obj)' or at 'C:\Users\molav\Documents\UiO\V24\Element-Method-Implementations\meshgen\x64\Debug\glfw3.pdb'; linking object as if no debug info
glfw3.lib(monitor.obj) : warning LNK4099: PDB 'glfw3.pdb' was not found with 'glfw3.lib(monitor.obj)' or at 'C:\Users\molav\Documents\UiO\V24\Element-Method-Implementations\meshgen\x64\Debug\glfw3.pdb'; linking object as if no debug info
glfw3.lib(window.obj) : warning LNK4099: PDB 'glfw3.pdb' was not found with 'glfw3.lib(window.obj)' or at 'C:\Users\molav\Documents\UiO\V24\Element-Method-Implementations\meshgen\x64\Debug\glfw3.pdb'; linking object as if no debug info
glfw3.lib(input.obj) : warning LNK4099: PDB 'glfw3.pdb' was not found with 'glfw3.lib(input.obj)' or at 'C:\Users\molav\Documents\UiO\V24\Element-Method-Implementations\meshgen\x64\Debug\glfw3.pdb'; linking object as if no debug info
glfw3.lib(win32_window.obj) : warning LNK4099: PDB 'glfw3.pdb' was not found with 'glfw3.lib(win32_window.obj)' or at 'C:\Users\molav\Documents\UiO\V24\Element-Method-Implementations\meshgen\x64\Debug\glfw3.pdb'; linking object as if no debug info
glfw3.lib(context.obj) : warning LNK4099: PDB 'glfw3.pdb' was not found with 'glfw3.lib(context.obj)' or at 'C:\Users\molav\Documents\UiO\V24\Element-Method-Implementations\meshgen\x64\Debug\glfw3.pdb'; linking object as if no debug info
glfw3.lib(win32_init.obj) : warning LNK4099: PDB 'glfw3.pdb' was not found with 'glfw3.lib(win32_init.obj)' or at 'C:\Users\molav\Documents\UiO\V24\Element-Method-Implementations\meshgen\x64\Debug\glfw3.pdb'; linking object as if no debug info
glfw3.lib(win32_monitor.obj) : warning LNK4099: PDB 'glfw3.pdb' was not found with 'glfw3.lib(win32_monitor.obj)' or at 'C:\Users\molav\Documents\UiO\V24\Element-Method-Implementations\meshgen\x64\Debug\glfw3.pdb'; linking object as if no debug info
glfw3.lib(win32_time.obj) : warning LNK4099: PDB 'glfw3.pdb' was not found with 'glfw3.lib(win32_time.obj)' or at 'C:\Users\molav\Documents\UiO\V24\Element-Method-Implementations\meshgen\x64\Debug\glfw3.pdb'; linking object as if no debug info
glfw3.lib(win32_thread.obj) : warning LNK4099: PDB 'glfw3.pdb' was not found with 'glfw3.lib(win32_thread.obj)' or at 'C:\Users\molav\Documents\UiO\V24\Element-Method-Implementations\meshgen\x64\Debug\glfw3.pdb'; linking object as if no debug info
glfw3.lib(vulkan.obj) : warning LNK4099: PDB 'glfw3.pdb' was not found with 'glfw3.lib(vulkan.obj)' or at 'C:\Users\molav\Documents\UiO\V24\Element-Method-Implementations\meshgen\x64\Debug\glfw3.pdb'; linking object as if no debug info
glfw3.lib(win32_joystick.obj) : warning LNK4099: PDB 'glfw3.pdb' was not found with 'glfw3.lib(win32_joystick.obj)' or at 'C:\Users\molav\Documents\UiO\V24\Element-Method-Implementations\meshgen\x64\Debug\glfw3.pdb'; linking object as if no debug info
glfw3.lib(wgl_context.obj) : warning LNK4099: PDB 'glfw3.pdb' was not found with 'glfw3.lib(wgl_context.obj)' or at 'C:\Users\molav\Documents\UiO\V24\Element-Method-Implementations\meshgen\x64\Debug\glfw3.pdb'; linking object as if no debug info
glfw3.lib(egl_context.obj) : warning LNK4099: PDB 'glfw3.pdb' was not found with 'glfw3.lib(egl_context.obj)' or at 'C:\Users\molav\Documents\UiO\V24\Element-Method-Implementations\meshgen\x64\Debug\glfw3.pdb'; linking object as if no debug info
glfw3.lib(osmesa_context.obj) : warning LNK4099: PDB 'glfw3.pdb' was not found with 'glfw3.lib(osmesa_context.obj)' or at 'C:\Users\molav\Documents\UiO\V24\Element-Method-Implementations\meshgen\x64\Debug\glfw3.pdb'; linking object as if no debug info
  meshgen.vcxproj -> C:\Users\molav\Documents\UiO\V24\Element-Method-Implementations\meshgen\x64\Debug\meshgen.exe
